20:03:09.982 [main] INFO  testCases.TC001_AccountRegistrationTest - Checked privacy checkbox
20:03:11.220 [main] INFO  testCases.TC001_AccountRegistrationTest - Successfully clicked continue button..
20:03:11.221 [main] INFO  testCases.TC001_AccountRegistrationTest - Validating expected message..
20:03:21.359 [main] ERROR testCases.TC001_AccountRegistrationTest - Test failed due to incorrect message..
20:03:21.360 [main] DEBUG testCases.TC001_AccountRegistrationTest - Debug logs..
20:03:28.896 [main] INFO  testCases.TC002_LoginTest - ********** Starting TC002_LoginTest **********
20:03:28.899 [main] INFO  testCases.TC002_LoginTest - Click on myAccount button
20:03:30.676 [main] INFO  testCases.TC002_LoginTest - Click on Login button
20:03:31.507 [main] INFO  testCases.TC002_LoginTest - set email address
20:03:32.141 [main] INFO  testCases.TC002_LoginTest - set password
20:03:32.517 [main] INFO  testCases.TC002_LoginTest - Click on Login button
20:03:33.529 [main] INFO  testCases.TC002_LoginTest - validating My Account page
20:03:43.581 [main] INFO  testCases.TC002_LoginTest - Successfully validate myaccount page
20:07:06.189 [main] INFO  testCases.TC001_AccountRegistrationTest - **********  Starting TC001_AccountRegistrationTest  **********
20:07:06.750 [main] INFO  testCases.TC001_AccountRegistrationTest - Click on MyAccount link
20:07:07.911 [main] INFO  testCases.TC001_AccountRegistrationTest - Click on Register link
20:07:07.963 [main] INFO  testCases.TC001_AccountRegistrationTest - Providing customer details
20:07:09.914 [main] INFO  testCases.TC001_AccountRegistrationTest - Successfully entered customer details..
20:07:10.173 [main] INFO  testCases.TC001_AccountRegistrationTest - Checked privacy checkbox
20:07:11.409 [main] INFO  testCases.TC001_AccountRegistrationTest - Successfully clicked continue button..
20:07:11.411 [main] INFO  testCases.TC001_AccountRegistrationTest - Validating expected message..
20:07:11.603 [main] INFO  testCases.TC001_AccountRegistrationTest - Successfully verify the message..
20:07:11.603 [main] INFO  testCases.TC001_AccountRegistrationTest - **********  Finished TC001_AccountRegistrationTest  **********
20:07:17.102 [main] INFO  testCases.TC002_LoginTest - ********** Starting TC002_LoginTest **********
20:07:17.104 [main] INFO  testCases.TC002_LoginTest - Click on myAccount button
20:07:17.418 [main] INFO  testCases.TC002_LoginTest - Click on Login button
20:07:18.181 [main] INFO  testCases.TC002_LoginTest - set email address
20:07:18.665 [main] INFO  testCases.TC002_LoginTest - set password
20:07:18.950 [main] INFO  testCases.TC002_LoginTest - Click on Login button
20:07:20.049 [main] INFO  testCases.TC002_LoginTest - validating My Account page
20:07:30.244 [main] INFO  testCases.TC002_LoginTest - Successfully validate myaccount page
21:23:04.256 [main] INFO  testCases.TC001_AccountRegistrationTest - **********  Starting TC001_AccountRegistrationTest  **********
21:23:04.989 [main] INFO  testCases.TC001_AccountRegistrationTest - Click on MyAccount link
21:23:06.433 [main] INFO  testCases.TC001_AccountRegistrationTest - Click on Register link
21:23:06.452 [main] INFO  testCases.TC001_AccountRegistrationTest - Providing customer details
21:23:08.633 [main] INFO  testCases.TC001_AccountRegistrationTest - Successfully entered customer details..
21:23:08.958 [main] INFO  testCases.TC001_AccountRegistrationTest - Checked privacy checkbox
21:23:10.200 [main] INFO  testCases.TC001_AccountRegistrationTest - Successfully clicked continue button..
21:23:10.201 [main] INFO  testCases.TC001_AccountRegistrationTest - Validating expected message..
21:23:10.383 [main] INFO  testCases.TC001_AccountRegistrationTest - Successfully verify the message..
21:23:10.384 [main] INFO  testCases.TC001_AccountRegistrationTest - **********  Finished TC001_AccountRegistrationTest  **********
21:23:16.057 [main] INFO  testCases.TC002_LoginTest - ********** Starting TC002_LoginTest **********
21:23:16.058 [main] INFO  testCases.TC002_LoginTest - Click on myAccount button
21:23:16.407 [main] INFO  testCases.TC002_LoginTest - Click on Login button
21:23:17.135 [main] INFO  testCases.TC002_LoginTest - set email address
21:23:17.751 [main] INFO  testCases.TC002_LoginTest - set password
21:23:18.050 [main] INFO  testCases.TC002_LoginTest - Click on Login button
21:23:19.209 [main] INFO  testCases.TC002_LoginTest - validating My Account page
21:23:29.314 [main] INFO  testCases.TC002_LoginTest - Successfully validate myaccount page
21:31:02.718 [main] INFO  testCases.TC002_LoginTest - ********** Starting TC002_LoginTest **********
21:31:03.247 [main] INFO  testCases.TC002_LoginTest - Click on myAccount button
21:31:04.097 [main] INFO  testCases.TC002_LoginTest - Click on Login button
21:31:04.801 [main] INFO  testCases.TC002_LoginTest - set email address
21:31:05.536 [main] INFO  testCases.TC002_LoginTest - set password
21:31:05.824 [main] INFO  testCases.TC002_LoginTest - Click on Login button
