18:59:48.060 [main] INFO  testCases.TC001_AccountRegistrationTest - Successfully entered customer details..
18:59:48.546 [main] INFO  testCases.TC001_AccountRegistrationTest - Checked privacy checkbox
18:59:52.023 [main] INFO  testCases.TC001_AccountRegistrationTest - Successfully clicked continue button..
18:59:52.024 [main] INFO  testCases.TC001_AccountRegistrationTest - Validating expected message..
18:59:52.538 [main] INFO  testCases.TC001_AccountRegistrationTest - Successfully verify the message..
18:59:52.539 [main] INFO  testCases.TC001_AccountRegistrationTest - **********  Finished TC001_AccountRegistrationTest  **********
19:00:29.049 [main] INFO  testCases.TC002_LoginTest - ********** Starting TC002_LoginTest **********
19:00:29.120 [main] INFO  testCases.TC002_LoginTest - Click on myAccount button
19:00:29.813 [main] INFO  testCases.TC002_LoginTest - Click on Login button
19:00:33.971 [main] INFO  testCases.TC002_LoginTest - set email address
19:00:34.795 [main] INFO  testCases.TC002_LoginTest - set password
19:00:35.297 [main] INFO  testCases.TC002_LoginTest - Click on Login button
19:00:38.972 [main] INFO  testCases.TC002_LoginTest - validating My Account page
19:00:40.195 [main] INFO  testCases.TC002_LoginTest - Successfully validate myaccount page
19:00:40.198 [main] INFO  testCases.TC002_LoginTest - ********** Finished TC002_LoginTest **********
20:47:50.356 [main] INFO  testCases.TC001_AccountRegistrationTest - **********  Starting TC001_AccountRegistrationTest  **********
20:47:51.369 [main] INFO  testCases.TC001_AccountRegistrationTest - Click on MyAccount link
20:47:53.135 [main] INFO  testCases.TC001_AccountRegistrationTest - Click on Register link
20:47:53.162 [main] INFO  testCases.TC001_AccountRegistrationTest - Providing customer details
20:47:54.930 [main] INFO  testCases.TC001_AccountRegistrationTest - Successfully entered customer details..
20:47:55.121 [main] INFO  testCases.TC001_AccountRegistrationTest - Checked privacy checkbox
20:47:56.768 [main] INFO  testCases.TC001_AccountRegistrationTest - Successfully clicked continue button..
20:47:56.769 [main] INFO  testCases.TC001_AccountRegistrationTest - Validating expected message..
20:47:57.068 [main] INFO  testCases.TC001_AccountRegistrationTest - Successfully verify the message..
20:47:57.069 [main] INFO  testCases.TC001_AccountRegistrationTest - **********  Finished TC001_AccountRegistrationTest  **********
20:48:25.248 [main] INFO  testCases.TC002_LoginTest - ********** Starting TC002_LoginTest **********
20:48:25.366 [main] INFO  testCases.TC002_LoginTest - Click on myAccount button
20:48:25.930 [main] INFO  testCases.TC002_LoginTest - Click on Login button
20:48:27.287 [main] INFO  testCases.TC002_LoginTest - set email address
20:48:27.788 [main] INFO  testCases.TC002_LoginTest - set password
20:48:28.163 [main] INFO  testCases.TC002_LoginTest - Click on Login button
20:48:29.608 [main] INFO  testCases.TC002_LoginTest - validating My Account page
20:48:29.881 [main] INFO  testCases.TC002_LoginTest - Successfully validate myaccount page
20:48:29.882 [main] INFO  testCases.TC002_LoginTest - ********** Finished TC002_LoginTest **********
21:17:10.673 [main] INFO  testCases.TC001_AccountRegistrationTest - **********  Starting TC001_AccountRegistrationTest  **********
21:17:11.389 [main] INFO  testCases.TC001_AccountRegistrationTest - Click on MyAccount link
21:17:14.224 [main] INFO  testCases.TC001_AccountRegistrationTest - Click on Register link
21:17:14.250 [main] INFO  testCases.TC001_AccountRegistrationTest - Providing customer details
21:17:16.244 [main] INFO  testCases.TC001_AccountRegistrationTest - Successfully entered customer details..
21:17:16.443 [main] INFO  testCases.TC001_AccountRegistrationTest - Checked privacy checkbox
21:17:17.985 [main] INFO  testCases.TC001_AccountRegistrationTest - Successfully clicked continue button..
21:17:17.986 [main] INFO  testCases.TC001_AccountRegistrationTest - Validating expected message..
21:17:18.154 [main] INFO  testCases.TC001_AccountRegistrationTest - Successfully verify the message..
21:17:18.155 [main] INFO  testCases.TC001_AccountRegistrationTest - **********  Finished TC001_AccountRegistrationTest  **********
21:17:47.251 [main] INFO  testCases.TC002_LoginTest - ********** Starting TC002_LoginTest **********
21:17:47.291 [main] INFO  testCases.TC002_LoginTest - Click on myAccount button
21:17:47.671 [main] INFO  testCases.TC002_LoginTest - Click on Login button
21:17:48.826 [main] INFO  testCases.TC002_LoginTest - set email address
21:17:49.352 [main] INFO  testCases.TC002_LoginTest - set password
21:17:49.520 [main] INFO  testCases.TC002_LoginTest - Click on Login button
21:17:50.911 [main] INFO  testCases.TC002_LoginTest - validating My Account page
21:17:51.258 [main] INFO  testCases.TC002_LoginTest - Successfully validate myaccount page
21:17:51.260 [main] INFO  testCases.TC002_LoginTest - ********** Finished TC002_LoginTest **********
